2021-02-05 00:04:49,470 INFO PERFORMANCE:|1|1|-1|-1

2021-02-05 00:09:49,490 INFO PERFORMANCE:|1|1|-1|-1

2021-02-05 00:14:49,518 INFO PERFORMANCE:|1|1|-1|-1

2021-02-05 00:19:49,532 INFO PERFORMANCE:|1|1|-1|-1

2021-02-05 00:24:49,550 INFO PERFORMANCE:|1|1|-1|-1

2021-02-05 00:29:49,570 INFO PERFORMANCE:|1|1|-1|-1

2021-02-05 00:34:49,588 INFO PERFORMANCE:|1|1|-1|-1

2021-02-05 00:39:49,605 INFO PERFORMANCE:|1|1|-1|-1

2021-02-05 00:44:49,633 INFO PERFORMANCE:|1|1|-1|-1

2021-02-05 00:49:49,651 INFO PERFORMANCE:|1|1|-1|-1

2021-02-05 00:54:49,668 INFO PERFORMANCE:|1|1|-1|-1

2021-02-05 00:59:49,691 INFO PERFORMANCE:|1|1|-1|-1

2021-02-05 01:04:49,709 INFO PERFORMANCE:|1|1|-1|-1

2021-02-05 01:09:49,728 INFO PERFORMANCE:|1|1|-1|-1

2021-02-05 01:14:49,750 INFO PERFORMANCE:|1|1|-1|-1

2021-02-05 01:19:49,762 INFO PERFORMANCE:|1|1|-1|-1

2021-02-05 01:24:49,782 INFO PERFORMANCE:|1|1|-1|-1

2021-02-05 01:29:49,808 INFO PERFORMANCE:|1|1|-1|-1

2021-02-05 01:34:49,828 INFO PERFORMANCE:|1|1|-1|-1

2021-02-05 01:39:49,839 INFO PERFORMANCE:|1|1|-1|-1

2021-02-05 01:44:49,858 INFO PERFORMANCE:|1|1|-1|-1

2021-02-05 01:49:49,874 INFO PERFORMANCE:|1|1|-1|-1

2021-02-05 01:54:49,888 INFO PERFORMANCE:|1|1|-1|-1

2021-02-05 01:59:49,904 INFO PERFORMANCE:|1|1|-1|-1

2021-02-05 02:04:49,916 INFO PERFORMANCE:|1|1|-1|-1

2021-02-05 02:09:49,935 INFO PERFORMANCE:|1|1|-1|-1

2021-02-05 02:14:49,957 INFO PERFORMANCE:|1|1|-1|-1

2021-02-05 02:19:49,974 INFO PERFORMANCE:|1|1|-1|-1

2021-02-05 02:24:49,985 INFO PERFORMANCE:|1|1|-1|-1

2021-02-05 02:29:50,001 INFO PERFORMANCE:|1|1|-1|-1

2021-02-05 02:34:50,018 INFO PERFORMANCE:|1|1|-1|-1

2021-02-05 02:39:50,035 INFO PERFORMANCE:|1|1|-1|-1

2021-02-05 02:44:50,059 INFO PERFORMANCE:|1|1|-1|-1

2021-02-05 02:49:50,075 INFO PERFORMANCE:|1|1|-1|-1

2021-02-05 02:54:50,093 INFO PERFORMANCE:|1|1|-1|-1

2021-02-05 02:59:50,118 INFO PERFORMANCE:|1|1|-1|-1

2021-02-05 03:04:50,134 INFO PERFORMANCE:|1|1|-1|-1

2021-02-05 03:09:50,151 INFO PERFORMANCE:|1|1|-1|-1

2021-02-05 03:14:50,177 INFO PERFORMANCE:|1|1|-1|-1

2021-02-05 03:19:50,194 INFO PERFORMANCE:|1|1|-1|-1

2021-02-05 03:24:50,205 INFO PERFORMANCE:|1|1|-1|-1

2021-02-05 03:29:50,226 INFO PERFORMANCE:|1|1|-1|-1

2021-02-05 03:34:50,240 INFO PERFORMANCE:|1|1|-1|-1

2021-02-05 03:39:50,260 INFO PERFORMANCE:|1|1|-1|-1

2021-02-05 03:44:50,281 INFO PERFORMANCE:|1|1|-1|-1

2021-02-05 03:49:50,298 INFO PERFORMANCE:|1|1|-1|-1

2021-02-05 03:54:50,315 INFO PERFORMANCE:|1|1|-1|-1

2021-02-05 03:59:50,330 INFO PERFORMANCE:|1|1|-1|-1

2021-02-05 04:04:50,341 INFO PERFORMANCE:|1|1|-1|-1

2021-02-05 04:09:50,358 INFO PERFORMANCE:|1|1|-1|-1

2021-02-05 04:14:50,385 INFO PERFORMANCE:|1|1|-1|-1

2021-02-05 04:19:50,401 INFO PERFORMANCE:|1|1|-1|-1

2021-02-05 04:24:50,416 INFO PERFORMANCE:|1|1|-1|-1

2021-02-05 04:29:50,437 INFO PERFORMANCE:|1|1|-1|-1

2021-02-05 04:34:50,457 INFO PERFORMANCE:|1|1|-1|-1

2021-02-05 04:39:50,475 INFO PERFORMANCE:|1|1|-1|-1

2021-02-05 04:44:50,493 INFO PERFORMANCE:|1|1|-1|-1

2021-02-05 04:49:50,511 INFO PERFORMANCE:|1|1|-1|-1

2021-02-05 04:54:50,527 INFO PERFORMANCE:|1|1|-1|-1

2021-02-05 04:59:50,556 INFO PERFORMANCE:|1|1|-1|-1

2021-02-05 05:04:50,574 INFO PERFORMANCE:|1|1|-1|-1

2021-02-05 05:09:50,591 INFO PERFORMANCE:|1|1|-1|-1

2021-02-05 05:14:50,618 INFO PERFORMANCE:|1|1|-1|-1

2021-02-05 05:19:50,636 INFO PERFORMANCE:|1|1|-1|-1

2021-02-05 05:24:50,651 INFO PERFORMANCE:|1|1|-1|-1

2021-02-05 05:29:50,672 INFO PERFORMANCE:|1|1|-1|-1

2021-02-05 05:34:50,692 INFO PERFORMANCE:|1|1|-1|-1

2021-02-05 05:39:50,707 INFO PERFORMANCE:|1|1|-1|-1

2021-02-05 05:44:50,728 INFO PERFORMANCE:|1|1|-1|-1

2021-02-05 05:49:50,747 INFO PERFORMANCE:|1|1|-1|-1

2021-02-05 05:54:50,760 INFO PERFORMANCE:|1|1|-1|-1

2021-02-05 05:59:50,777 INFO PERFORMANCE:|1|1|-1|-1

2021-02-05 06:04:50,792 INFO PERFORMANCE:|1|1|-1|-1

2021-02-05 06:09:50,805 INFO PERFORMANCE:|1|1|-1|-1

2021-02-05 06:14:50,821 INFO PERFORMANCE:|1|1|-1|-1

2021-02-05 06:19:50,836 INFO PERFORMANCE:|1|1|-1|-1

2021-02-05 06:24:50,857 INFO PERFORMANCE:|1|1|-1|-1

2021-02-05 06:29:50,879 INFO PERFORMANCE:|1|1|-1|-1

2021-02-05 06:34:50,897 INFO PERFORMANCE:|1|1|-1|-1

2021-02-05 06:39:50,915 INFO PERFORMANCE:|1|1|-1|-1

2021-02-05 06:44:50,941 INFO PERFORMANCE:|1|1|-1|-1

2021-02-05 06:49:50,951 INFO PERFORMANCE:|1|1|-1|-1

2021-02-05 06:54:50,961 INFO PERFORMANCE:|1|1|-1|-1

2021-02-05 06:59:50,978 INFO PERFORMANCE:|1|1|-1|-1

2021-02-05 07:04:50,988 INFO PERFORMANCE:|1|1|-1|-1

2021-02-05 07:09:51,005 INFO PERFORMANCE:|1|1|-1|-1

2021-02-05 07:14:51,025 INFO PERFORMANCE:|1|1|-1|-1

2021-02-05 07:19:51,042 INFO PERFORMANCE:|1|1|-1|-1

2021-02-05 07:24:51,059 INFO PERFORMANCE:|1|1|-1|-1

2021-02-05 07:29:51,080 INFO PERFORMANCE:|1|1|-1|-1

2021-02-05 07:34:51,098 INFO PERFORMANCE:|1|1|-1|-1

2021-02-05 07:39:51,115 INFO PERFORMANCE:|1|1|-1|-1

2021-02-05 07:44:51,132 INFO PERFORMANCE:|1|1|-1|-1

2021-02-05 07:49:51,141 INFO PERFORMANCE:|1|1|-1|-1

2021-02-05 07:54:51,158 INFO PERFORMANCE:|1|1|-1|-1

2021-02-05 07:59:51,182 INFO PERFORMANCE:|1|1|-1|-1

2021-02-05 08:04:51,198 INFO PERFORMANCE:|1|1|-1|-1

2021-02-05 08:09:51,215 INFO PERFORMANCE:|1|1|-1|-1

2021-02-05 08:14:51,238 INFO PERFORMANCE:|1|1|-1|-1

2021-02-05 08:19:51,257 INFO PERFORMANCE:|1|1|-1|-1

2021-02-05 08:24:51,275 INFO PERFORMANCE:|1|1|-1|-1

2021-02-05 08:29:51,300 INFO PERFORMANCE:|1|1|-1|-1

2021-02-05 08:34:51,319 INFO PERFORMANCE:|1|1|-1|-1

2021-02-05 08:39:51,335 INFO PERFORMANCE:|1|1|-1|-1

2021-02-05 08:44:51,360 INFO PERFORMANCE:|1|1|-1|-1

2021-02-05 08:49:51,379 INFO PERFORMANCE:|1|1|-1|-1

2021-02-05 08:54:51,395 INFO PERFORMANCE:|1|1|-1|-1

2021-02-05 08:59:51,419 INFO PERFORMANCE:|1|1|-1|-1

2021-02-05 09:04:51,437 INFO PERFORMANCE:|1|1|-1|-1

2021-02-05 09:09:51,455 INFO PERFORMANCE:|1|1|-1|-1

2021-02-05 09:14:51,479 INFO PERFORMANCE:|1|1|-1|-1

2021-02-05 09:19:51,495 INFO PERFORMANCE:|1|1|-1|-1

2021-02-05 09:24:51,508 INFO PERFORMANCE:|1|0|-1|-1

2021-02-05 09:29:51,526 INFO PERFORMANCE:|2|1|-1|-1

2021-02-05 09:34:51,537 INFO PERFORMANCE:|1|0|-1|-1

2021-02-05 09:39:51,547 INFO PERFORMANCE:|0|0|-1|-1

2021-02-05 09:44:51,572 INFO PERFORMANCE:|2|0|-1|-1

