2021-01-29 13:45:16,145 INFO raft peers changed: [Member{ip='192.168.8.100', port=8848, state=UP, extendInfo={raftPort=7848}}]

2021-01-29 13:45:16,192 INFO initializing Raft sub-system

2021-01-29 13:45:16,193 INFO finish loading all datums, size: 0 cost 1 ms.

2021-01-29 13:45:16,198 INFO cache loaded, datum count: 0, current term: 0

2021-01-29 13:45:16,198 INFO finish to load data from disk, cost: 6 ms.

2021-01-29 13:45:16,202 INFO timer started: leader timeout ms: 15000, heart-beat timeout ms: 5000

2021-01-29 13:45:17,083 INFO add listener: com.alibaba.nacos.naming.domains.meta.00-00---000-NACOS_SWITCH_DOMAIN-000---00-00

2021-01-29 13:45:17,107 INFO add listener: com.alibaba.nacos.naming.domains.meta.

2021-01-29 13:45:21,127 WARN start to close old raft protocol!!!

2021-01-29 13:45:21,127 WARN stop old raft protocol task for notifier

2021-01-29 13:45:21,127 WARN stop old raft protocol task for master task

2021-01-29 13:45:21,127 WARN stop old raft protocol task for heartbeat task

2021-01-29 13:45:21,127 WARN clean old cache datum for old raft

2021-01-29 13:45:21,127 WARN start to close old raft protocol!!!

2021-01-29 13:45:21,127 WARN stop old raft protocol task for notifier

2021-01-29 13:45:21,127 WARN stop old raft protocol task for master task

2021-01-29 13:45:21,127 WARN stop old raft protocol task for heartbeat task

2021-01-29 13:45:21,127 WARN clean old cache datum for old raft

2021-01-29 13:45:21,127 WARN start to move old raft protocol metadata

2021-01-29 13:45:21,130 WARN start to move old raft protocol metadata

2021-01-29 13:45:21,132 INFO raft peers changed: [Member{ip='192.168.8.100', port=8848, state=UP, extendInfo={lastRefreshTime=1611899121130, raftPort=7848, version=1.4.1}}]

2021-01-29 13:47:43,202 INFO raft peers changed: [Member{ip='192.168.8.100', port=8848, state=UP, extendInfo={raftPort=7848}}]

2021-01-29 13:47:43,251 INFO initializing Raft sub-system

2021-01-29 13:47:43,252 INFO finish loading all datums, size: 0 cost 1 ms.

2021-01-29 13:47:43,255 INFO cache loaded, datum count: 0, current term: 0

2021-01-29 13:47:43,256 INFO finish to load data from disk, cost: 5 ms.

2021-01-29 13:47:43,261 INFO timer started: leader timeout ms: 15000, heart-beat timeout ms: 5000

2021-01-29 13:47:44,375 INFO add listener: com.alibaba.nacos.naming.domains.meta.00-00---000-NACOS_SWITCH_DOMAIN-000---00-00

2021-01-29 13:47:44,400 INFO add listener: com.alibaba.nacos.naming.domains.meta.

2021-01-29 13:47:48,178 WARN start to close old raft protocol!!!

2021-01-29 13:47:48,178 WARN stop old raft protocol task for notifier

2021-01-29 13:47:48,178 WARN stop old raft protocol task for master task

2021-01-29 13:47:48,178 WARN stop old raft protocol task for heartbeat task

2021-01-29 13:47:48,178 WARN clean old cache datum for old raft

2021-01-29 13:47:48,178 WARN start to close old raft protocol!!!

2021-01-29 13:47:48,178 WARN stop old raft protocol task for notifier

2021-01-29 13:47:48,178 WARN stop old raft protocol task for master task

2021-01-29 13:47:48,178 WARN stop old raft protocol task for heartbeat task

2021-01-29 13:47:48,178 WARN clean old cache datum for old raft

2021-01-29 13:47:48,178 WARN start to move old raft protocol metadata

2021-01-29 13:47:48,182 WARN start to move old raft protocol metadata

2021-01-29 13:47:48,183 INFO raft peers changed: [Member{ip='192.168.8.100', port=8848, state=UP, extendInfo={lastRefreshTime=1611899268182, raftPort=7848, version=1.4.1}}]

2021-01-29 14:16:48,110 INFO add listener: com.alibaba.nacos.naming.iplist.public##DEFAULT_GROUP@@scgw

