/Library/Java/JavaVirtualMachines/jdk1.8.0_161.jdk/Contents/Home/bin/java  -Xms512m -Xmx512m -Xmn256m -Dnacos.standalone=true -Dnacos.member.list= -Djava.ext.dirs=/Library/Java/JavaVirtualMachines/jdk1.8.0_161.jdk/Contents/Home/jre/lib/ext:/Library/Java/JavaVirtualMachines/jdk1.8.0_161.jdk/Contents/Home/lib/ext -Xloggc:/Users/hongweizou/IdeaProjects/sc-demo/nacos/logs/nacos_gc.log -verbose:gc -XX:+PrintGCDetails -XX:+PrintGCDateStamps -XX:+PrintGCTimeStamps -XX:+UseGCLogFileRotation -XX:NumberOfGCLogFiles=10 -XX:GCLogFileSize=100M -Dloader.path=/Users/hongweizou/IdeaProjects/sc-demo/nacos/plugins/health,/Users/hongweizou/IdeaProjects/sc-demo/nacos/plugins/cmdb -Dnacos.home=/Users/hongweizou/IdeaProjects/sc-demo/nacos -jar /Users/hongweizou/IdeaProjects/sc-demo/nacos/target/nacos-server.jar  --spring.config.additional-location=file:/Users/hongweizou/IdeaProjects/sc-demo/nacos/conf/ --logging.config=/Users/hongweizou/IdeaProjects/sc-demo/nacos/conf/nacos-logback.xml --server.max-http-header-size=524288

         ,--.
       ,--.'|
   ,--,:  : |                                           Nacos 1.4.1
,`--.'`|  ' :                       ,---.               Running in stand alone mode, All function modules
|   :  :  | |                      '   ,'\   .--.--.    Port: 8848
:   |   \ | :  ,--.--.     ,---.  /   /   | /  /    '   Pid: 1429
|   : '  '; | /       \   /     \.   ; ,. :|  :  /`./   Console: http://192.168.8.100:8848/nacos/index.html
'   ' ;.    ;.--.  .-. | /    / ''   | |: :|  :  ;_
|   | | \   | \__\/: . ..    ' / '   | .; : \  \    `.      https://nacos.io
'   : |  ; .' ," .--.; |'   ; :__|   :    |  `----.   \
|   | '`--'  /  /  ,.  |'   | '.'|\   \  /  /  /`--'  /
'   : |     ;  :   .'   \   :    : `----'  '--'.     /
;   |.'     |  ,     .-./\   \  /            `--'---'
'---'        `--`---'     `----'

2021-01-29 13:47:37,435 INFO Bean 'org.springframework.security.access.expression.method.DefaultMethodSecurityExpressionHandler@5c45d770' of type [org.springframework.security.access.expression.method.DefaultMethodSecurityExpressionHandler] is not eligible for getting processed by all BeanPostProcessors (for example: not eligible for auto-proxying)

2021-01-29 13:47:37,549 INFO Bean 'methodSecurityMetadataSource' of type [org.springframework.security.access.method.DelegatingMethodSecurityMetadataSource] is not eligible for getting processed by all BeanPostProcessors (for example: not eligible for auto-proxying)

2021-01-29 13:47:38,396 INFO Tomcat initialized with port(s): 8848 (http)

2021-01-29 13:47:39,357 INFO Root WebApplicationContext: initialization completed in 9326 ms

2021-01-29 13:47:45,766 INFO Initializing ExecutorService 'applicationTaskExecutor'

2021-01-29 13:47:46,032 INFO Adding welcome page: class path resource [static/index.html]

2021-01-29 13:47:46,839 INFO Creating filter chain: Ant [pattern='/**'], []

2021-01-29 13:47:46,904 INFO Creating filter chain: any request, [org.springframework.security.web.context.request.async.WebAsyncManagerIntegrationFilter@27eb3298, org.springframework.security.web.context.SecurityContextPersistenceFilter@3aee3976, org.springframework.security.web.header.HeaderWriterFilter@71f67a79, org.springframework.security.web.csrf.CsrfFilter@37cd92d6, org.springframework.security.web.authentication.logout.LogoutFilter@7e0aadd0, org.springframework.security.web.savedrequest.RequestCacheAwareFilter@27cf3151, org.springframework.security.web.servletapi.SecurityContextHolderAwareRequestFilter@4108fa66, org.springframework.security.web.authentication.AnonymousAuthenticationFilter@200a26bc, org.springframework.security.web.session.SessionManagementFilter@62d363ab, org.springframework.security.web.access.ExceptionTranslationFilter@4263b080]

2021-01-29 13:47:47,085 INFO Initializing ExecutorService 'taskScheduler'

2021-01-29 13:47:47,131 INFO Exposing 2 endpoint(s) beneath base path '/actuator'

2021-01-29 13:47:47,320 INFO Tomcat started on port(s): 8848 (http) with context path '/nacos'

2021-01-29 13:47:47,326 INFO Nacos started successfully in stand alone mode. use embedded storage

2021-01-29 13:48:36,610 INFO Initializing Servlet 'dispatcherServlet'

2021-01-29 13:48:36,642 INFO Completed initialization in 31 ms

